==================== 2025-12-17T21:39:47.182321Z | 2d8f2a9e-1a89-4eae-89e1-af71d7c787a7 ====================
21:39:47.191003 [info ]: Starting dbt LSP server
21:39:47.192440 [info ]: Connecting to LSP client on port 8000
21:39:47.197654 [info ]: Successfully connected to LSP client
21:39:47.197693 [info ]: Creating LSP service...
21:39:47.319145 [info ]: Creating LSP server...
21:39:47.319171 [info ]: Starting LSP server...
21:39:47.447233 [info ]: Started loading project
21:39:47.500477 [info ]: Finished loading project [  0.05s]
21:43:12.935273 [info ]: Started loading project
21:43:12.938196 [info ]: Finished loading project [  0.00s]
==================== 2025-12-18T00:52:07.774672Z | 496aee6d-7129-4271-a104-512102c89bc4 ====================
00:52:07.774780 [info ]: Starting dbt LSP server
00:52:07.774836 [info ]: Connecting to LSP client on port 8000
00:52:07.783307 [info ]: Successfully connected to LSP client
00:52:07.783341 [info ]: Creating LSP service...
00:52:08.248912 [info ]: Creating LSP server...
00:52:08.248948 [info ]: Starting LSP server...
00:52:08.721009 [info ]: Started loading project
00:52:26.586684 [info ]: Started parsing
00:52:26.738280 [info ]: Finished loading project [ 18.02s]
00:52:26.870454 [info ]: Finished parsing [  0.28s]
00:52:26.882888 [info ]: Cached model count updated: 1 models (estimate)
00:52:26.882936 [info ]: Cached model count updated: 1 models (accurate)
00:52:26.888431 [info ]: Started scheduling
00:52:26.902908 [info ]: Finished scheduling [  0.01s]
00:52:27.322545 [info ]: Started building task graph
00:52:27.327892 [info ]: Finished building task graph [  0.01s]
00:52:27.336828 [info ]: Started rendering (1 nodes)
00:52:27.338121 [info ]: Started model dbt_ayajnik.customers
00:52:27.339754 [debug]: Started rendering model dbt_ayajnik.customers
00:52:27.510324 [debug]: Finished rendering [  0.17s] model dbt_ayajnik.customers [success]
00:52:27.510383 [info ]: Finished rendering [  0.17s] (1 nodes, 0 skipped, 0 errors)
00:52:27.510431 [info ]: Started analyzing (1 nodes)
00:52:27.510451 [debug]: Started analyzing model dbt_ayajnik.customers
00:52:28.869663 [debug]: Query executed on node model.jaffle_shop.customers:
describe table "RAW"."JAFFLE_SHOP"."CUSTOMERS"
00:52:28.973795 [debug]: Query executed on node model.jaffle_shop.customers:
describe table "RAW"."JAFFLE_SHOP"."ORDERS"
00:52:29.306406 [info ]:  Succeeded [  1.96s] model dbt_ayajnik.customers (view)
00:52:29.306621 [debug]: Finished analyzing [  1.80s] model dbt_ayajnik.customers [success]
00:52:29.306634 [info ]: Finished analyzing [  1.80s] (1 nodes, 0 skipped, 0 errors)
00:52:29.319598 [info ]: Cached model count updated: 1 models (accurate)
00:53:11.654081 [info ]: Started scheduling
00:53:11.673917 [info ]: Finished scheduling [  0.02s]
00:58:06.898954 [info ]: Started loading project
00:58:07.052083 [info ]: Started parsing
00:58:07.097901 [info ]: Finished loading project [  0.20s]
00:58:07.167849 [error]: dbt1000: Failed to create template: syntax error: unexpected identifier, expected end of variable block
(in models\customers.sql:3:5)
00:58:07.170080 [error]: dbt1502: Failed to render SQL syntax error: unexpected identifier, expected end of variable block
(in models\customers.sql:3:5)
  --> models\customers.sql:3:5
00:58:07.222131 [info ]: Finished parsing [  0.17s]
00:58:07.284546 [info ]: Started loading project
00:58:07.298363 [info ]: Started parsing
00:58:07.324092 [info ]: Finished loading project [  0.04s]
00:58:07.328012 [error]: dbt1000: Failed to create template: syntax error: unexpected identifier, expected end of variable block
(in models\customers.sql:3:5)
00:58:07.328116 [error]: dbt1502: Failed to render SQL syntax error: unexpected identifier, expected end of variable block
(in models\customers.sql:3:5)
  --> models\customers.sql:3:5
00:58:07.330868 [info ]: Finished parsing [  0.03s]
00:58:07.334292 [info ]: Cached model count updated: 1 models (estimate)
00:58:07.334764 [info ]: Cached model count updated: 0 models (accurate)
00:58:07.336042 [info ]: Started scheduling
00:58:07.336353 [info ]: Finished scheduling [  0.00s]
00:58:07.337603 [warn ]: dbt1000: The selection criterion '' does not match any enabled nodes
00:58:07.337628 [warn ]: dbt1000: Nothing to do. Try checking your model configs and model specification args
00:58:07.602374 [info ]: Started building task graph
00:58:07.602910 [info ]: Finished building task graph [  0.00s]
00:58:07.609867 [debug]: Incremental compilation - 0 nodes selected: {}
00:58:07.621825 [info ]: Cached model count updated: 0 models (accurate)
00:58:30.842924 [info ]: Started loading project
00:58:30.894473 [info ]: Started parsing
00:58:30.927067 [info ]: Finished loading project [  0.08s]
00:58:31.029242 [error]: dbt1501: Failed to render SQL invalid operation: config requires all arguments to be defined
(in models\customers.sql:1:1)
  --> models\customers.sql:1:1
00:58:31.035346 [info ]: Finished parsing [  0.14s]
00:58:31.037467 [info ]: Cached model count updated: 1 models (estimate)
00:58:31.037508 [info ]: Cached model count updated: 0 models (accurate)
00:58:31.037552 [info ]: Started scheduling
00:58:31.040450 [info ]: Finished scheduling [  0.00s]
00:58:31.040511 [warn ]: dbt1000: The selection criterion '' does not match any enabled nodes
00:58:31.040536 [warn ]: dbt1000: Nothing to do. Try checking your model configs and model specification args
00:58:31.284347 [info ]: Started building task graph
00:58:31.284408 [info ]: Finished building task graph [  0.00s]
00:58:31.335583 [info ]: Started loading project
00:58:31.346504 [info ]: Started parsing
00:58:31.368380 [info ]: Finished loading project [  0.03s]
00:58:31.372733 [error]: dbt1501: Failed to render SQL invalid operation: config requires all arguments to be defined
(in models\customers.sql:1:1)
  --> models\customers.sql:1:1
00:58:31.375504 [info ]: Finished parsing [  0.03s]
00:58:31.376947 [info ]: Cached model count updated: 1 models (estimate)
00:58:31.376973 [info ]: Cached model count updated: 0 models (accurate)
00:58:31.376993 [info ]: Started scheduling
00:58:31.377024 [info ]: Finished scheduling [  0.00s]
00:58:31.377046 [warn ]: dbt1000: The selection criterion '' does not match any enabled nodes
00:58:31.377054 [warn ]: dbt1000: Nothing to do. Try checking your model configs and model specification args
00:58:31.598864 [info ]: Started building task graph
00:58:31.598924 [info ]: Finished building task graph [  0.00s]
00:58:31.600299 [debug]: Incremental compilation - 0 nodes selected: {}
00:58:31.604372 [info ]: Cached model count updated: 0 models (accurate)
00:58:56.430962 [info ]: Started loading project
00:58:56.455998 [info ]: Started parsing
00:58:56.485813 [info ]: Finished loading project [  0.05s]
00:58:56.522066 [info ]: Finished parsing [  0.07s]
00:58:56.524552 [info ]: Cached model count updated: 1 models (estimate)
00:58:56.524578 [info ]: Cached model count updated: 1 models (accurate)
00:58:56.525060 [info ]: Started scheduling
00:58:56.530916 [info ]: Finished scheduling [  0.01s]
00:58:56.834496 [info ]: Started building task graph
00:58:56.837145 [info ]: Finished building task graph [  0.00s]
00:58:56.875488 [info ]: Started loading project
00:58:56.887073 [info ]: Started parsing
00:58:56.913546 [info ]: Finished loading project [  0.04s]
00:58:56.919219 [info ]: Finished parsing [  0.03s]
00:58:56.920462 [info ]: Cached model count updated: 1 models (estimate)
00:58:56.920485 [info ]: Cached model count updated: 1 models (accurate)
00:58:56.920512 [info ]: Started scheduling
00:58:56.920559 [info ]: Finished scheduling [  0.00s]
00:58:57.196955 [info ]: Started building task graph
00:58:57.197044 [info ]: Finished building task graph [  0.00s]
00:58:57.202766 [info ]: Started rendering (1 nodes)
00:58:57.204724 [info ]: Started model dbt_ayajnik.customers
00:58:57.206180 [debug]: Started rendering model dbt_ayajnik.customers
00:58:57.239717 [debug]: Finished rendering [  0.03s] model dbt_ayajnik.customers [success]
00:58:57.240445 [info ]: Finished rendering [  0.04s] (1 nodes, 0 skipped, 0 errors)
00:58:57.240953 [info ]: Started analyzing (1 nodes)
00:58:57.241032 [debug]: Started analyzing model dbt_ayajnik.customers
00:58:57.638348 [info ]:  Succeeded [  0.43s] model dbt_ayajnik.customers (view)
00:58:57.638596 [debug]: Finished analyzing [  0.40s] model dbt_ayajnik.customers [success]
00:58:57.638606 [info ]: Finished analyzing [  0.40s] (1 nodes, 0 skipped, 0 errors)
00:58:57.639286 [debug]: Incremental compilation - 1 nodes selected: {"model.jaffle_shop.customers"}
00:58:57.651435 [info ]: Cached model count updated: 1 models (accurate)
00:59:14.358856 [info ]: Started loading project
00:59:14.429704 [info ]: Started loading project
00:59:14.431529 [info ]: Finished loading project [  0.07s]
00:59:15.386612 [info ]: Finished loading project [  0.96s]
00:59:15.449682 [info ]: Started loading project
00:59:15.460513 [info ]: Started loading project
00:59:15.462293 [info ]: Finished loading project [  0.01s]
00:59:15.808582 [info ]: Started parsing
00:59:15.888726 [info ]: Finished loading project [  0.43s]
00:59:15.897143 [info ]: Finished parsing [  0.09s]
00:59:15.897870 [info ]: Cached model count updated: 1 models (estimate)
00:59:15.897891 [info ]: Cached model count updated: 1 models (accurate)
00:59:15.897926 [info ]: Started scheduling
00:59:15.897972 [info ]: Finished scheduling [  0.00s]
00:59:16.098598 [info ]: Started building task graph
00:59:16.098683 [info ]: Finished building task graph [  0.00s]
00:59:16.098840 [info ]: Started rendering (1 nodes)
00:59:16.098866 [info ]: Started model dbt_ayajnik.customers
00:59:16.098883 [debug]: Started rendering model dbt_ayajnik.customers
00:59:16.120362 [debug]: Finished rendering [  0.02s] model dbt_ayajnik.customers [success]
00:59:16.120399 [info ]: Finished rendering [  0.02s] (1 nodes, 0 skipped, 0 errors)
00:59:16.120430 [info ]: Started analyzing (1 nodes)
00:59:16.120452 [debug]: Started analyzing model dbt_ayajnik.customers
00:59:16.956780 [debug]: Query executed on node model.jaffle_shop.customers:
describe table "RAW"."JAFFLE_SHOP"."ORDERS"
00:59:17.038460 [debug]: Query executed on node model.jaffle_shop.customers:
describe table "RAW"."JAFFLE_SHOP"."CUSTOMERS"
00:59:17.165315 [info ]:  Succeeded [  1.06s] model dbt_ayajnik.customers (view)
00:59:17.165379 [debug]: Finished analyzing [  1.04s] model dbt_ayajnik.customers [success]
00:59:17.165393 [info ]: Finished analyzing [  1.04s] (1 nodes, 0 skipped, 0 errors)
00:59:17.170803 [info ]: Cached model count updated: 1 models (accurate)
01:09:48.841775 [info ]: Started loading project
01:09:49.091254 [info ]: Started loading project
01:09:49.092448 [info ]: Finished loading project [  0.25s]
01:09:49.479339 [info ]: Started parsing
01:09:49.721837 [info ]: Finished loading project [  0.63s]
01:09:49.901852 [info ]: Finished parsing [  0.42s]
01:09:49.904594 [info ]: Cached model count updated: 2 models (estimate)
01:09:49.905100 [info ]: Cached model count updated: 2 models (accurate)
01:09:49.912355 [info ]: Started scheduling
01:09:49.918392 [info ]: Finished scheduling [  0.01s]
01:09:50.303941 [info ]: Started building task graph
01:09:50.307814 [info ]: Finished building task graph [  0.00s]
01:09:50.317028 [info ]: Started rendering (1 nodes)
01:09:50.318114 [info ]: Started model dbt_ayajnik.customers
01:09:50.319189 [debug]: Started rendering model dbt_ayajnik.customers
01:09:50.347499 [debug]: Finished rendering [  0.03s] model dbt_ayajnik.customers [success]
01:09:50.347549 [info ]: Finished rendering [  0.03s] (1 nodes, 0 skipped, 0 errors)
01:09:50.347960 [info ]: Started analyzing (1 nodes)
01:09:50.348019 [debug]: Started analyzing model dbt_ayajnik.customers
01:09:51.311581 [debug]: Query executed on node model.jaffle_shop.customers:
describe table "RAW"."JAFFLE_SHOP"."ORDERS"
01:09:51.430042 [debug]: Query executed on node model.jaffle_shop.customers:
describe table "RAW"."JAFFLE_SHOP"."CUSTOMERS"
01:09:51.712385 [info ]:  Succeeded [  1.39s] model dbt_ayajnik.customers (view)
01:09:51.713475 [debug]: Finished analyzing [  1.37s] model dbt_ayajnik.customers [success]
01:09:51.713525 [info ]: Finished analyzing [  1.37s] (1 nodes, 0 skipped, 0 errors)
01:09:51.734176 [info ]: Cached model count updated: 2 models (accurate)
01:09:57.167111 [info ]: Started loading project
01:09:57.203886 [info ]: Started parsing
01:09:57.228341 [info ]: Finished loading project [  0.06s]
01:09:57.263941 [info ]: Finished parsing [  0.06s]
01:09:57.266483 [info ]: Cached model count updated: 2 models (estimate)
01:09:57.266540 [info ]: Cached model count updated: 2 models (accurate)
01:09:57.266600 [info ]: Started scheduling
01:09:57.271053 [info ]: Finished scheduling [  0.00s]
01:09:57.487514 [info ]: Started building task graph
01:09:57.489917 [info ]: Finished building task graph [  0.00s]
01:09:57.527438 [info ]: Started loading project
01:09:57.546907 [info ]: Started parsing
01:09:57.577588 [info ]: Finished loading project [  0.05s]
01:09:57.582522 [info ]: Finished parsing [  0.04s]
01:09:57.585369 [info ]: Cached model count updated: 2 models (estimate)
01:09:57.585395 [info ]: Cached model count updated: 2 models (accurate)
01:09:57.585426 [info ]: Started scheduling
01:09:57.585490 [info ]: Finished scheduling [  0.00s]
01:09:57.812637 [info ]: Started building task graph
01:09:57.812730 [info ]: Finished building task graph [  0.00s]
01:09:57.812923 [info ]: Started rendering (1 nodes)
01:09:57.812944 [info ]: Started model dbt_ayajnik.stg_jaffle_shop__customers
01:09:57.812958 [debug]: Started rendering model dbt_ayajnik.stg_jaffle_shop__customers
01:09:57.819859 [debug]: Finished rendering [  0.01s] model dbt_ayajnik.stg_jaffle_shop__customers [success]
01:09:57.819926 [info ]: Finished rendering [  0.01s] (1 nodes, 0 skipped, 0 errors)
01:09:57.820014 [info ]: Started analyzing (1 nodes)
01:09:57.820058 [debug]: Started analyzing model dbt_ayajnik.stg_jaffle_shop__customers
01:09:57.876757 [info ]:  Succeeded [  0.06s] model dbt_ayajnik.stg_jaffle_shop__customers (table)
01:09:57.876871 [debug]: Finished analyzing [  0.06s] model dbt_ayajnik.stg_jaffle_shop__customers [success]
01:09:57.876898 [info ]: Finished analyzing [  0.06s] (1 nodes, 0 skipped, 0 errors)
01:09:57.878908 [debug]: Incremental compilation - 1 nodes selected: {"model.jaffle_shop.stg_jaffle_shop__customers"}
01:09:57.885943 [info ]: Cached model count updated: 2 models (accurate)
01:10:18.124163 [info ]: Started loading project
01:10:18.155691 [info ]: Started loading project
01:10:18.157455 [info ]: Finished loading project [  0.03s]
01:10:18.374385 [info ]: Started parsing
01:10:18.429343 [info ]: Finished loading project [  0.27s]
01:10:18.437989 [info ]: Finished parsing [  0.06s]
01:10:18.438416 [info ]: Cached model count updated: 3 models (estimate)
01:10:18.438434 [info ]: Cached model count updated: 3 models (accurate)
01:10:18.438453 [info ]: Started scheduling
01:10:18.438826 [info ]: Finished scheduling [  0.00s]
01:10:18.655323 [info ]: Started building task graph
01:10:18.657199 [info ]: Finished building task graph [  0.00s]
01:10:18.657350 [info ]: Started rendering (2 nodes)
01:10:18.657372 [info ]: Started model dbt_ayajnik.stg_jaffle_shop__customers
01:10:18.657387 [debug]: Started rendering model dbt_ayajnik.stg_jaffle_shop__customers
01:10:18.657409 [info ]: Started model dbt_ayajnik.customers
01:10:18.657419 [debug]: Started rendering model dbt_ayajnik.customers
01:10:18.660506 [info ]: Started analyzing (2 nodes)
01:10:18.660529 [debug]: Started analyzing model dbt_ayajnik.customers
01:10:18.660676 [debug]: Finished rendering [  0.00s] model dbt_ayajnik.customers [success]
01:10:18.661548 [debug]: Started analyzing model dbt_ayajnik.stg_jaffle_shop__customers
01:10:18.661583 [debug]: Finished rendering [  0.00s] model dbt_ayajnik.stg_jaffle_shop__customers [success]
01:10:18.661603 [info ]: Finished rendering [  0.00s] (2 nodes, 0 skipped, 0 errors)
01:10:19.292409 [debug]: Query executed on node model.jaffle_shop.stg_jaffle_shop__customers:
describe table "RAW"."JAFFLE_SHOP"."CUSTOMERS"
01:10:19.551360 [debug]: Query executed on node model.jaffle_shop.customers:
describe table "RAW"."JAFFLE_SHOP"."CUSTOMERS"
01:10:19.627502 [debug]: Query executed on node model.jaffle_shop.customers:
describe table "RAW"."JAFFLE_SHOP"."ORDERS"
01:10:19.791453 [info ]:  Succeeded [  1.13s] model dbt_ayajnik.customers (view)
01:10:19.791511 [debug]: Finished analyzing [  1.13s] model dbt_ayajnik.customers [success]
01:10:19.813923 [info ]:  Succeeded [  1.16s] model dbt_ayajnik.stg_jaffle_shop__customers (table)
01:10:19.813982 [debug]: Finished analyzing [  1.15s] model dbt_ayajnik.stg_jaffle_shop__customers [success]
01:10:19.813998 [info ]: Finished analyzing [  1.15s] (2 nodes, 0 skipped, 0 errors)
01:10:19.821785 [info ]: Cached model count updated: 3 models (accurate)
01:10:23.029693 [info ]: Started loading project
01:10:23.055121 [info ]: Started parsing
01:10:23.095423 [info ]: Finished loading project [  0.07s]
01:10:23.150296 [info ]: Finished parsing [  0.10s]
01:10:23.153365 [info ]: Cached model count updated: 3 models (estimate)
01:10:23.153389 [info ]: Cached model count updated: 3 models (accurate)
01:10:23.153446 [info ]: Started scheduling
01:10:23.153522 [info ]: Finished scheduling [  0.00s]
01:10:23.407188 [info ]: Started building task graph
01:10:23.407284 [info ]: Finished building task graph [  0.00s]
01:10:23.423073 [info ]: Started loading project
01:10:23.436385 [info ]: Started parsing
01:10:23.458052 [info ]: Finished loading project [  0.03s]
01:10:23.463414 [info ]: Finished parsing [  0.03s]
01:10:23.464731 [info ]: Cached model count updated: 3 models (estimate)
01:10:23.464762 [info ]: Cached model count updated: 3 models (accurate)
01:10:23.464789 [info ]: Started scheduling
01:10:23.464841 [info ]: Finished scheduling [  0.00s]
01:10:23.700844 [info ]: Started building task graph
01:10:23.701042 [info ]: Finished building task graph [  0.00s]
01:10:23.701179 [info ]: Started rendering (1 nodes)
01:10:23.701204 [info ]: Started model dbt_ayajnik.customers
01:10:23.701217 [debug]: Started rendering model dbt_ayajnik.customers
01:10:23.704499 [debug]: Finished rendering [  0.00s] model dbt_ayajnik.customers [success]
01:10:23.704534 [info ]: Finished rendering [  0.00s] (1 nodes, 0 skipped, 0 errors)
01:10:23.705670 [info ]: Started analyzing (1 nodes)
01:10:23.705723 [debug]: Started analyzing model dbt_ayajnik.customers
01:10:23.726032 [info ]:     Failed [  0.02s] model dbt_ayajnik.customers (view)
01:10:23.726079 [debug]: Finished analyzing [  0.02s] model dbt_ayajnik.customers [error]
01:10:23.726089 [info ]: Finished analyzing [  0.02s] (1 nodes, 0 skipped, 1 errors)
01:10:23.734840 [error]: dbt0101: mismatched input ')' expecting one of 'SELECT', 'TABLE', 'WITH', '('
  --> models\customers.sql:12:1 (target\compiled\models\customers.sql:7:1)
01:10:23.736060 [debug]: Incremental compilation - 1 nodes selected: {"model.jaffle_shop.customers"}
01:10:23.739973 [info ]: Cached model count updated: 3 models (accurate)
01:10:33.488058 [info ]: Started loading project
01:10:33.508855 [info ]: Started parsing
01:10:33.542149 [info ]: Finished loading project [  0.05s]
01:10:33.592156 [info ]: Finished parsing [  0.08s]
01:10:33.595359 [info ]: Cached model count updated: 3 models (estimate)
01:10:33.595416 [info ]: Cached model count updated: 3 models (accurate)
01:10:33.595483 [info ]: Started scheduling
01:10:33.595608 [info ]: Finished scheduling [  0.00s]
01:10:33.811624 [info ]: Started building task graph
01:10:33.811724 [info ]: Finished building task graph [  0.00s]
01:10:33.857710 [info ]: Started loading project
01:10:33.869621 [info ]: Started parsing
01:10:33.892588 [info ]: Finished loading project [  0.03s]
01:10:33.896117 [info ]: Finished parsing [  0.03s]
01:10:33.897391 [info ]: Cached model count updated: 3 models (estimate)
01:10:33.897410 [info ]: Cached model count updated: 3 models (accurate)
01:10:33.897438 [info ]: Started scheduling
01:10:33.897499 [info ]: Finished scheduling [  0.00s]
01:10:34.107336 [info ]: Started building task graph
01:10:34.107421 [info ]: Finished building task graph [  0.00s]
01:10:34.107564 [info ]: Started rendering (1 nodes)
01:10:34.107585 [info ]: Started model dbt_ayajnik.stg_jaffle_shop__orders
01:10:34.108787 [debug]: Started rendering model dbt_ayajnik.stg_jaffle_shop__orders
01:10:34.113188 [info ]: Started analyzing (1 nodes)
01:10:34.113225 [debug]: Started analyzing model dbt_ayajnik.stg_jaffle_shop__orders
01:10:34.113285 [debug]: Finished rendering [  0.00s] model dbt_ayajnik.stg_jaffle_shop__orders [success]
01:10:34.113329 [info ]: Finished rendering [  0.01s] (1 nodes, 0 skipped, 0 errors)
01:10:34.127030 [info ]:  Succeeded [  0.02s] model dbt_ayajnik.stg_jaffle_shop__orders (table)
01:10:34.127084 [debug]: Finished analyzing [  0.01s] model dbt_ayajnik.stg_jaffle_shop__orders [success]
01:10:34.127097 [info ]: Finished analyzing [  0.01s] (1 nodes, 0 skipped, 0 errors)
01:10:34.127319 [debug]: Incremental compilation - 1 nodes selected: {"model.jaffle_shop.stg_jaffle_shop__orders"}
01:10:34.131126 [info ]: Cached model count updated: 3 models (accurate)
01:10:58.491932 [info ]: Started loading project
01:10:58.512535 [info ]: Started parsing
01:10:58.533488 [info ]: Finished loading project [  0.04s]
01:10:58.580205 [info ]: Finished parsing [  0.07s]
01:10:58.582308 [info ]: Cached model count updated: 3 models (estimate)
01:10:58.582342 [info ]: Cached model count updated: 3 models (accurate)
01:10:58.582389 [info ]: Started scheduling
01:10:58.582481 [info ]: Finished scheduling [  0.00s]
01:10:58.820404 [info ]: Started building task graph
01:10:58.820490 [info ]: Finished building task graph [  0.00s]
01:10:58.854092 [info ]: Started loading project
01:10:58.863743 [info ]: Started parsing
01:10:58.883559 [info ]: Finished loading project [  0.03s]
01:10:58.887783 [info ]: Finished parsing [  0.02s]
01:10:58.889005 [info ]: Cached model count updated: 3 models (estimate)
01:10:58.889027 [info ]: Cached model count updated: 3 models (accurate)
01:10:58.889099 [info ]: Started scheduling
01:10:58.889161 [info ]: Finished scheduling [  0.00s]
01:10:59.106326 [info ]: Started building task graph
01:10:59.106802 [info ]: Finished building task graph [  0.00s]
01:10:59.106954 [info ]: Started rendering (1 nodes)
01:10:59.107995 [info ]: Started model dbt_ayajnik.customers
01:10:59.108017 [debug]: Started rendering model dbt_ayajnik.customers
01:10:59.112916 [info ]: Started analyzing (1 nodes)
01:10:59.112976 [debug]: Started analyzing model dbt_ayajnik.customers
01:10:59.112990 [debug]: Finished rendering [  0.00s] model dbt_ayajnik.customers [success]
01:10:59.113040 [info ]: Finished rendering [  0.01s] (1 nodes, 0 skipped, 0 errors)
01:10:59.122043 [info ]:     Failed [  0.01s] model dbt_ayajnik.customers (view)
01:10:59.122125 [debug]: Finished analyzing [  0.01s] model dbt_ayajnik.customers [error]
01:10:59.122143 [info ]: Finished analyzing [  0.01s] (1 nodes, 0 skipped, 1 errors)
01:10:59.123013 [error]: dbt0101: mismatched input ')' expecting one of 'SELECT', 'TABLE', 'WITH', '('
  --> models\customers.sql:18:1 (target\compiled\models\customers.sql:13:1)
01:10:59.123202 [debug]: Incremental compilation - 1 nodes selected: {"model.jaffle_shop.customers"}
01:10:59.130634 [info ]: Cached model count updated: 3 models (accurate)
01:11:16.991730 [info ]: Started loading project
01:11:17.032166 [info ]: Started parsing
01:11:17.049782 [info ]: Finished loading project [  0.06s]
01:11:17.091429 [info ]: Finished parsing [  0.06s]
01:11:17.093170 [info ]: Cached model count updated: 3 models (estimate)
01:11:17.093199 [info ]: Cached model count updated: 3 models (accurate)
01:11:17.093243 [info ]: Started scheduling
01:11:17.093328 [info ]: Finished scheduling [  0.00s]
01:11:17.272450 [info ]: Started building task graph
01:11:17.272532 [info ]: Finished building task graph [  0.00s]
01:11:17.277015 [info ]: Started rendering (1 nodes)
01:11:17.277057 [info ]: Started model dbt_ayajnik.customers
01:11:17.277161 [debug]: Started rendering model dbt_ayajnik.customers
01:11:17.282706 [info ]: Started analyzing (1 nodes)
01:11:17.282853 [debug]: Finished rendering [  0.01s] model dbt_ayajnik.customers [success]
01:11:17.282879 [info ]: Finished rendering [  0.01s] (1 nodes, 0 skipped, 0 errors)
01:11:17.284037 [debug]: Started analyzing model dbt_ayajnik.customers
01:11:17.296344 [info ]:  Succeeded [  0.02s] model dbt_ayajnik.customers (view)
01:11:17.296415 [debug]: Finished analyzing [  0.01s] model dbt_ayajnik.customers [success]
01:11:17.296433 [info ]: Finished analyzing [  0.01s] (1 nodes, 0 skipped, 0 errors)
01:11:17.341115 [info ]: Started loading project
01:11:17.351636 [info ]: Started parsing
01:11:17.371491 [info ]: Finished loading project [  0.03s]
01:11:17.375658 [info ]: Finished parsing [  0.02s]
01:11:17.376867 [info ]: Cached model count updated: 3 models (estimate)
01:11:17.376885 [info ]: Cached model count updated: 3 models (accurate)
01:11:17.376912 [info ]: Started scheduling
01:11:17.376967 [info ]: Finished scheduling [  0.00s]
01:11:17.584834 [info ]: Started building task graph
01:11:17.584924 [info ]: Finished building task graph [  0.00s]
01:11:17.585049 [info ]: Started rendering (1 nodes)
01:11:17.585072 [info ]: Started model dbt_ayajnik.customers
01:11:17.585084 [debug]: Started rendering model dbt_ayajnik.customers
01:11:17.593782 [info ]: Started analyzing (1 nodes)
01:11:17.593826 [debug]: Finished rendering [  0.01s] model dbt_ayajnik.customers [success]
01:11:17.593855 [debug]: Started analyzing model dbt_ayajnik.customers
01:11:17.593871 [info ]: Finished rendering [  0.01s] (1 nodes, 0 skipped, 0 errors)
01:11:17.602521 [info ]:  Succeeded [  0.02s] model dbt_ayajnik.customers (view)
01:11:17.602577 [debug]: Finished analyzing [  0.01s] model dbt_ayajnik.customers [success]
01:11:17.602589 [info ]: Finished analyzing [  0.01s] (1 nodes, 0 skipped, 0 errors)
01:11:17.602702 [debug]: Incremental compilation - 1 nodes selected: {"model.jaffle_shop.customers"}
01:11:17.607346 [info ]: Cached model count updated: 3 models (accurate)
01:15:20.284587 [info ]: Started loading project
01:15:20.310066 [info ]: Cached model count updated: 3 models (accurate)
01:15:20.310156 [info ]: Finished loading project [  0.03s]
01:20:20.474740 [info ]: Started loading project
01:20:20.505321 [info ]: Cached model count updated: 3 models (accurate)
01:20:20.505322 [info ]: Finished loading project [  0.03s]
01:20:28.865677 [info ]: Started loading project
01:20:28.892411 [info ]: Started loading project
01:20:28.893409 [info ]: Finished loading project [  0.03s]
01:20:29.451331 [info ]: Started parsing
01:20:29.681919 [info ]: Finished loading project [  0.79s]
01:20:29.815676 [info ]: Finished parsing [  0.36s]
01:20:29.823658 [info ]: Cached model count updated: 3 models (estimate)
01:20:29.825828 [info ]: Cached model count updated: 3 models (accurate)
01:20:29.830890 [info ]: Started scheduling
01:20:29.839027 [info ]: Finished scheduling [  0.01s]
01:20:30.207016 [info ]: Started building task graph
01:20:30.213388 [info ]: Finished building task graph [  0.01s]
01:20:30.222601 [info ]: Started rendering (3 nodes)
01:20:30.224305 [info ]: Started model dbt_ayajnik.stg_jaffle_shop__orders
01:20:30.225710 [debug]: Started rendering model dbt_ayajnik.stg_jaffle_shop__orders
01:20:30.225926 [info ]: Started model dbt_ayajnik.stg_jaffle_shop__customers
01:20:30.225944 [debug]: Started rendering model dbt_ayajnik.stg_jaffle_shop__customers
01:20:30.245995 [debug]: Finished rendering [  0.02s] model dbt_ayajnik.stg_jaffle_shop__orders [success]
01:20:30.246114 [info ]: Started analyzing (3 nodes)
01:20:30.246149 [debug]: Started analyzing model dbt_ayajnik.stg_jaffle_shop__orders
01:20:30.246189 [debug]: Finished rendering [  0.02s] model dbt_ayajnik.stg_jaffle_shop__customers [success]
01:20:30.246209 [debug]: Started analyzing model dbt_ayajnik.stg_jaffle_shop__customers
01:20:31.199872 [debug]: Query executed on node model.jaffle_shop.stg_jaffle_shop__customers:
describe table "RAW"."JAFFLE_SHOP"."CUSTOMERS"
01:20:31.402403 [debug]: Query executed on node model.jaffle_shop.stg_jaffle_shop__orders:
describe table "RAW"."JAFFLE_SHOP"."ORDERS"
01:20:31.878649 [info ]:  Succeeded [  1.65s] model dbt_ayajnik.stg_jaffle_shop__customers (table)
01:20:31.879218 [debug]: Finished analyzing [  1.63s] model dbt_ayajnik.stg_jaffle_shop__customers [success]
01:20:32.364003 [info ]:  Succeeded [  2.14s] model dbt_ayajnik.stg_jaffle_shop__orders (table)
01:20:32.364064 [debug]: Finished analyzing [  2.12s] model dbt_ayajnik.stg_jaffle_shop__orders [success]
01:20:32.364746 [info ]: Started model dbt_ayajnik.customers
01:20:32.364807 [debug]: Started rendering model dbt_ayajnik.customers
01:20:32.378297 [debug]: Started analyzing model dbt_ayajnik.customers
01:20:32.378305 [debug]: Finished rendering [  0.01s] model dbt_ayajnik.customers [success]
01:20:32.378341 [info ]: Finished rendering [  2.16s] (3 nodes, 0 skipped, 0 errors)
01:20:32.511396 [info ]:  Succeeded [  0.15s] model dbt_ayajnik.customers (view)
01:20:32.511603 [debug]: Finished analyzing [  0.13s] model dbt_ayajnik.customers [success]
01:20:32.511625 [info ]: Finished analyzing [  2.27s] (3 nodes, 0 skipped, 0 errors)
01:20:32.536034 [info ]: Cached model count updated: 3 models (accurate)
01:20:41.448735 [info ]: Started loading project
01:20:41.461535 [info ]: Started loading project
01:20:41.462496 [info ]: Finished loading project [  0.01s]
01:20:41.748098 [info ]: Started parsing
01:20:41.876052 [info ]: Finished loading project [  0.41s]
01:20:41.891972 [info ]: Finished parsing [  0.14s]
01:20:41.892924 [info ]: Cached model count updated: 3 models (estimate)
01:20:41.892957 [info ]: Cached model count updated: 3 models (accurate)
01:20:41.892995 [info ]: Started scheduling
01:20:41.893097 [info ]: Finished scheduling [  0.00s]
01:20:42.142056 [info ]: Started building task graph
01:20:42.142169 [info ]: Finished building task graph [  0.00s]
01:20:42.142328 [info ]: Started rendering (3 nodes)
01:20:42.142353 [info ]: Started model dbt_ayajnik.stg_jaffle_shop__orders
01:20:42.142372 [debug]: Started rendering model dbt_ayajnik.stg_jaffle_shop__orders
01:20:42.142393 [info ]: Started model dbt_ayajnik.stg_jaffle_shop__customers
01:20:42.142399 [debug]: Started rendering model dbt_ayajnik.stg_jaffle_shop__customers
01:20:42.147479 [debug]: Finished rendering [  0.01s] model dbt_ayajnik.stg_jaffle_shop__orders [success]
01:20:42.149216 [info ]: Started analyzing (3 nodes)
01:20:42.149240 [debug]: Started analyzing model dbt_ayajnik.stg_jaffle_shop__orders
01:20:42.149279 [debug]: Finished rendering [  0.01s] model dbt_ayajnik.stg_jaffle_shop__customers [success]
01:20:42.149291 [debug]: Started analyzing model dbt_ayajnik.stg_jaffle_shop__customers
01:20:42.692092 [debug]: Query executed on node model.jaffle_shop.stg_jaffle_shop__customers:
describe table "RAW"."JAFFLE_SHOP"."CUSTOMERS"
01:20:42.973436 [debug]: Query executed on node model.jaffle_shop.stg_jaffle_shop__orders:
describe table "RAW"."JAFFLE_SHOP"."ORDERS"
01:20:43.155784 [info ]:  Succeeded [  1.01s] model dbt_ayajnik.stg_jaffle_shop__customers (table)
01:20:43.156595 [debug]: Finished analyzing [  1.01s] model dbt_ayajnik.stg_jaffle_shop__customers [success]
01:20:43.660592 [info ]:  Succeeded [  1.52s] model dbt_ayajnik.stg_jaffle_shop__orders (table)
01:20:43.660686 [debug]: Finished analyzing [  1.51s] model dbt_ayajnik.stg_jaffle_shop__orders [success]
01:20:43.661931 [info ]: Started model dbt_ayajnik.customers
01:20:43.662000 [debug]: Started rendering model dbt_ayajnik.customers
01:20:43.674060 [debug]: Started analyzing model dbt_ayajnik.customers
01:20:43.674408 [debug]: Finished rendering [  0.01s] model dbt_ayajnik.customers [success]
01:20:43.674523 [info ]: Finished rendering [  1.53s] (3 nodes, 0 skipped, 0 errors)
01:20:43.742974 [info ]:  Succeeded [  0.08s] model dbt_ayajnik.customers (view)
01:20:43.743022 [debug]: Finished analyzing [  0.07s] model dbt_ayajnik.customers [success]
01:20:43.743032 [info ]: Finished analyzing [  1.59s] (3 nodes, 0 skipped, 0 errors)
01:20:43.750240 [info ]: Cached model count updated: 3 models (accurate)
01:21:01.134389 [info ]: Started loading project
01:21:01.155539 [info ]: Cached model count updated: 3 models (accurate)
01:21:01.155649 [info ]: Finished loading project [  0.02s]
01:21:07.005595 [info ]: Started loading project
01:21:07.014783 [info ]: Started loading project
01:21:07.015977 [info ]: Finished loading project [  0.01s]
01:21:07.340244 [info ]: Started parsing
01:21:07.411553 [info ]: Finished loading project [  0.40s]
01:21:07.429218 [info ]: Finished parsing [  0.09s]
01:21:07.429849 [info ]: Cached model count updated: 3 models (estimate)
01:21:07.429871 [info ]: Cached model count updated: 3 models (accurate)
01:21:07.429901 [info ]: Started scheduling
01:21:07.429964 [info ]: Finished scheduling [  0.00s]
01:21:07.644455 [info ]: Started building task graph
01:21:07.644563 [info ]: Finished building task graph [  0.00s]
01:21:07.644794 [info ]: Started rendering (3 nodes)
01:21:07.644821 [info ]: Started model dbt_ayajnik.stg_jaffle_shop__orders
01:21:07.644836 [debug]: Started rendering model dbt_ayajnik.stg_jaffle_shop__orders
01:21:07.644860 [info ]: Started model dbt_ayajnik.stg_jaffle_shop__customers
01:21:07.644867 [debug]: Started rendering model dbt_ayajnik.stg_jaffle_shop__customers
01:21:07.647698 [debug]: Finished rendering [  0.00s] model dbt_ayajnik.stg_jaffle_shop__customers [success]
01:21:07.647758 [info ]: Started analyzing (3 nodes)
01:21:07.647780 [debug]: Started analyzing model dbt_ayajnik.stg_jaffle_shop__customers
01:21:07.649426 [debug]: Finished rendering [  0.00s] model dbt_ayajnik.stg_jaffle_shop__orders [success]
01:21:07.649478 [debug]: Started analyzing model dbt_ayajnik.stg_jaffle_shop__orders
01:21:08.175746 [debug]: Query executed on node model.jaffle_shop.stg_jaffle_shop__customers:
describe table "RAW"."JAFFLE_SHOP"."CUSTOMERS"
01:21:08.451398 [debug]: Query executed on node model.jaffle_shop.stg_jaffle_shop__orders:
describe table "RAW"."JAFFLE_SHOP"."ORDERS"
01:21:08.579823 [info ]:  Succeeded [  0.93s] model dbt_ayajnik.stg_jaffle_shop__customers (table)
01:21:08.579908 [debug]: Finished analyzing [  0.93s] model dbt_ayajnik.stg_jaffle_shop__customers [success]
01:21:09.131465 [info ]:  Succeeded [  1.48s] model dbt_ayajnik.stg_jaffle_shop__orders (table)
01:21:09.131611 [debug]: Finished analyzing [  1.48s] model dbt_ayajnik.stg_jaffle_shop__orders [success]
01:21:09.131698 [info ]: Started model dbt_ayajnik.customers
01:21:09.131909 [debug]: Started rendering model dbt_ayajnik.customers
01:21:09.142510 [debug]: Started analyzing model dbt_ayajnik.customers
01:21:09.142522 [debug]: Finished rendering [  0.01s] model dbt_ayajnik.customers [success]
01:21:09.142574 [info ]: Finished rendering [  1.50s] (3 nodes, 0 skipped, 0 errors)
01:21:09.164297 [info ]:  Succeeded [  0.03s] model dbt_ayajnik.customers (view)
01:21:09.164347 [debug]: Finished analyzing [  0.02s] model dbt_ayajnik.customers [success]
01:21:09.164359 [info ]: Finished analyzing [  1.52s] (3 nodes, 0 skipped, 0 errors)
01:21:09.169106 [info ]: Cached model count updated: 3 models (accurate)
01:21:30.053512 [info ]: Started loading project
01:21:30.062844 [info ]: Started loading project
01:21:30.063948 [info ]: Finished loading project [  0.01s]
01:21:30.375728 [info ]: Started parsing
01:21:30.427887 [info ]: Finished loading project [  0.37s]
01:21:30.435286 [info ]: Finished parsing [  0.06s]
01:21:30.436079 [info ]: Cached model count updated: 3 models (estimate)
01:21:30.436104 [info ]: Cached model count updated: 3 models (accurate)
01:21:30.436130 [info ]: Started scheduling
01:21:30.436188 [info ]: Finished scheduling [  0.00s]
01:21:30.651720 [info ]: Started building task graph
01:21:30.651834 [info ]: Finished building task graph [  0.00s]
01:21:30.651986 [info ]: Started rendering (3 nodes)
01:21:30.652006 [info ]: Started model dbt_ayajnik.stg_jaffle_shop__orders
01:21:30.652020 [debug]: Started rendering model dbt_ayajnik.stg_jaffle_shop__orders
01:21:30.652040 [info ]: Started model dbt_ayajnik.stg_jaffle_shop__customers
01:21:30.652045 [debug]: Started rendering model dbt_ayajnik.stg_jaffle_shop__customers
01:21:30.659034 [debug]: Finished rendering [  0.01s] model dbt_ayajnik.stg_jaffle_shop__customers [success]
01:21:30.659258 [info ]: Started analyzing (3 nodes)
01:21:30.659364 [debug]: Started analyzing model dbt_ayajnik.stg_jaffle_shop__customers
01:21:30.660195 [debug]: Started analyzing model dbt_ayajnik.stg_jaffle_shop__orders
01:21:30.660228 [debug]: Finished rendering [  0.01s] model dbt_ayajnik.stg_jaffle_shop__orders [success]
01:21:31.289100 [debug]: Query executed on node model.jaffle_shop.stg_jaffle_shop__orders:
describe table "RAW"."JAFFLE_SHOP"."ORDERS"
01:21:31.546982 [debug]: Query executed on node model.jaffle_shop.stg_jaffle_shop__customers:
describe table "RAW"."JAFFLE_SHOP"."CUSTOMERS"
01:21:31.729310 [info ]:  Succeeded [  1.08s] model dbt_ayajnik.stg_jaffle_shop__orders (table)
01:21:31.729411 [debug]: Finished analyzing [  1.07s] model dbt_ayajnik.stg_jaffle_shop__orders [success]
01:21:32.225701 [info ]:  Succeeded [  1.57s] model dbt_ayajnik.stg_jaffle_shop__customers (table)
01:21:32.226842 [debug]: Finished analyzing [  1.57s] model dbt_ayajnik.stg_jaffle_shop__customers [success]
01:21:32.226927 [info ]: Started model dbt_ayajnik.dim_customers
01:21:32.226950 [debug]: Started rendering model dbt_ayajnik.dim_customers
01:21:32.233982 [debug]: Finished rendering [  0.01s] model dbt_ayajnik.dim_customers [success]
01:21:32.234039 [info ]: Finished rendering [  1.58s] (3 nodes, 0 skipped, 0 errors)
01:21:32.234092 [debug]: Started analyzing model dbt_ayajnik.dim_customers
01:21:32.257268 [info ]:  Succeeded [  0.03s] model dbt_ayajnik.dim_customers (view)
01:21:32.257319 [debug]: Finished analyzing [  0.02s] model dbt_ayajnik.dim_customers [success]
01:21:32.257331 [info ]: Finished analyzing [  1.60s] (3 nodes, 0 skipped, 0 errors)
01:21:32.264670 [info ]: Cached model count updated: 3 models (accurate)
01:23:26.024106 [info ]: Started loading project
01:23:26.232438 [info ]: Started loading project
01:23:26.233930 [info ]: Finished loading project [  0.21s]
01:23:26.453335 [info ]: Finished loading project [  0.22s]
01:23:26.483250 [info ]: Started loading project
01:23:26.491613 [info ]: Started loading project
01:23:26.492489 [info ]: Finished loading project [  0.01s]
01:23:26.704166 [info ]: Started parsing
01:23:26.750202 [info ]: Finished loading project [  0.26s]
01:23:26.759823 [info ]: Finished parsing [  0.06s]
01:23:26.760943 [info ]: Cached model count updated: 3 models (estimate)
01:23:26.760970 [info ]: Cached model count updated: 3 models (accurate)
01:23:26.761001 [info ]: Started scheduling
01:23:26.761080 [info ]: Finished scheduling [  0.00s]
01:23:27.003150 [info ]: Started building task graph
01:23:27.004590 [info ]: Finished building task graph [  0.00s]
01:23:27.004808 [info ]: Started rendering (3 nodes)
01:23:27.004843 [info ]: Started model dbt_ayajnik.stg_jaffle_shop__orders
01:23:27.004868 [debug]: Started rendering model dbt_ayajnik.stg_jaffle_shop__orders
01:23:27.004897 [info ]: Started model dbt_ayajnik.stg_jaffle_shop__customers
01:23:27.004910 [debug]: Started rendering model dbt_ayajnik.stg_jaffle_shop__customers
01:23:27.009066 [debug]: Finished rendering [  0.00s] model dbt_ayajnik.stg_jaffle_shop__customers [success]
01:23:27.009137 [info ]: Started analyzing (3 nodes)
01:23:27.009158 [debug]: Started analyzing model dbt_ayajnik.stg_jaffle_shop__customers
01:23:27.010666 [debug]: Started analyzing model dbt_ayajnik.stg_jaffle_shop__orders
01:23:27.010661 [debug]: Finished rendering [  0.01s] model dbt_ayajnik.stg_jaffle_shop__orders [success]
01:23:27.599069 [debug]: Query executed on node model.jaffle_shop.stg_jaffle_shop__customers:
describe table "RAW"."JAFFLE_SHOP"."CUSTOMERS"
01:23:27.868756 [debug]: Query executed on node model.jaffle_shop.stg_jaffle_shop__orders:
describe table "RAW"."JAFFLE_SHOP"."ORDERS"
01:23:28.052507 [info ]:  Succeeded [  1.05s] model dbt_ayajnik.stg_jaffle_shop__customers (view)
01:23:28.052595 [debug]: Finished analyzing [  1.04s] model dbt_ayajnik.stg_jaffle_shop__customers [success]
01:23:28.613408 [info ]:  Succeeded [  1.61s] model dbt_ayajnik.stg_jaffle_shop__orders (view)
01:23:28.613477 [debug]: Finished analyzing [  1.60s] model dbt_ayajnik.stg_jaffle_shop__orders [success]
01:23:28.613528 [info ]: Started model dbt_ayajnik.dim_customers
01:23:28.613562 [debug]: Started rendering model dbt_ayajnik.dim_customers
01:23:28.620125 [debug]: Started analyzing model dbt_ayajnik.dim_customers
01:23:28.620167 [debug]: Finished rendering [  0.01s] model dbt_ayajnik.dim_customers [success]
01:23:28.620233 [info ]: Finished rendering [  1.62s] (3 nodes, 0 skipped, 0 errors)
01:23:28.725484 [info ]:  Succeeded [  0.11s] model dbt_ayajnik.dim_customers (view)
01:23:28.725541 [debug]: Finished analyzing [  0.11s] model dbt_ayajnik.dim_customers [success]
01:23:28.725553 [info ]: Finished analyzing [  1.72s] (3 nodes, 0 skipped, 0 errors)
01:23:28.729638 [info ]: Cached model count updated: 3 models (accurate)
01:23:47.463337 [info ]: Started loading project
01:23:47.509562 [info ]: Started parsing
01:23:47.533317 [info ]: Finished loading project [  0.07s]
01:23:47.590777 [info ]: Finished parsing [  0.08s]
01:23:47.599215 [info ]: Cached model count updated: 3 models (estimate)
01:23:47.599277 [info ]: Cached model count updated: 3 models (accurate)
01:23:47.599459 [info ]: Started scheduling
01:23:47.610543 [info ]: Finished scheduling [  0.01s]
01:23:47.873070 [info ]: Started building task graph
01:23:47.875272 [info ]: Finished building task graph [  0.00s]
01:23:47.905295 [info ]: Started loading project
01:23:47.913647 [info ]: Started parsing
01:23:47.933307 [info ]: Finished loading project [  0.03s]
01:23:47.938153 [info ]: Finished parsing [  0.02s]
01:23:47.939892 [info ]: Cached model count updated: 3 models (estimate)
01:23:47.939915 [info ]: Cached model count updated: 3 models (accurate)
01:23:47.939950 [info ]: Started scheduling
01:23:47.940013 [info ]: Finished scheduling [  0.00s]
01:23:48.163226 [info ]: Started building task graph
01:23:48.163484 [info ]: Finished building task graph [  0.00s]
01:23:48.163788 [info ]: Started rendering (1 nodes)
01:23:48.163826 [info ]: Started model dbt_ayajnik.dim_customers
01:23:48.163843 [debug]: Started rendering model dbt_ayajnik.dim_customers
01:23:48.170426 [debug]: Finished rendering [  0.01s] model dbt_ayajnik.dim_customers [success]
01:23:48.170842 [info ]: Finished rendering [  0.01s] (1 nodes, 0 skipped, 0 errors)
01:23:48.170898 [info ]: Started analyzing (1 nodes)
01:23:48.171533 [debug]: Started analyzing model dbt_ayajnik.dim_customers
01:23:48.178028 [info ]:  Succeeded [  0.01s] model dbt_ayajnik.dim_customers (table)
01:23:48.178122 [debug]: Finished analyzing [  0.01s] model dbt_ayajnik.dim_customers [success]
01:23:48.178265 [info ]: Finished analyzing [  0.01s] (1 nodes, 0 skipped, 0 errors)
01:23:48.179802 [debug]: Incremental compilation - 1 nodes selected: {"model.jaffle_shop.dim_customers"}
01:23:48.186634 [info ]: Cached model count updated: 3 models (accurate)
01:24:46.020297 [info ]: Started scheduling
01:24:46.020751 [info ]: Finished scheduling [  0.00s]
01:24:47.957594 [info ]: Started scheduling
01:24:47.959328 [info ]: Finished scheduling [  0.00s]
01:26:37.801337 [info ]: Started scheduling
01:26:37.803821 [info ]: Finished scheduling [  0.00s]
01:30:49.889249 [info ]: Started loading project
01:30:50.106767 [info ]: Finished loading project [  0.22s]
01:30:50.109362 [info ]: Cached model count updated: 3 models (accurate)
01:31:03.623790 [info ]: Started scheduling
01:31:03.635555 [info ]: Finished scheduling [  0.01s]
01:31:03.924127 [info ]: Started loading project
01:31:03.951326 [info ]: Started loading project
01:31:03.952503 [info ]: Finished loading project [  0.03s]
01:31:04.584320 [info ]: Started parsing
01:31:05.039458 [info ]: Finished loading project [  1.09s]
01:31:05.209821 [info ]: Finished parsing [  0.63s]
01:31:05.220887 [info ]: Cached model count updated: 4 models (estimate)
01:31:05.220924 [info ]: Cached model count updated: 4 models (accurate)
01:31:05.221947 [info ]: Started scheduling
01:31:05.226671 [info ]: Finished scheduling [  0.00s]
01:31:05.734200 [info ]: Started building task graph
01:31:05.743536 [info ]: Finished building task graph [  0.01s]
01:31:05.760650 [info ]: Started rendering (3 nodes)
01:31:05.771489 [info ]: Started model dbt_ayajnik.stg_jaffle_shop__orders
01:31:05.773644 [debug]: Started rendering model dbt_ayajnik.stg_jaffle_shop__orders
01:31:05.774188 [info ]: Started model dbt_ayajnik.stg_jaffle_shop__customers
01:31:05.774212 [debug]: Started rendering model dbt_ayajnik.stg_jaffle_shop__customers
01:31:05.805487 [debug]: Finished rendering [  0.03s] model dbt_ayajnik.stg_jaffle_shop__orders [success]
01:31:05.806303 [info ]: Started analyzing (3 nodes)
01:31:05.807120 [debug]: Started analyzing model dbt_ayajnik.stg_jaffle_shop__orders
01:31:05.807185 [debug]: Finished rendering [  0.03s] model dbt_ayajnik.stg_jaffle_shop__customers [success]
01:31:05.807220 [debug]: Started analyzing model dbt_ayajnik.stg_jaffle_shop__customers
01:31:06.670580 [debug]: Query executed on node model.jaffle_shop.stg_jaffle_shop__customers:
describe table "RAW"."JAFFLE_SHOP"."CUSTOMERS"
01:31:06.883744 [debug]: Query executed on node model.jaffle_shop.stg_jaffle_shop__orders:
describe table "RAW"."JAFFLE_SHOP"."ORDERS"
01:31:07.229515 [info ]:  Succeeded [  1.45s] model dbt_ayajnik.stg_jaffle_shop__customers (view)
01:31:07.231048 [debug]: Finished analyzing [  1.42s] model dbt_ayajnik.stg_jaffle_shop__customers [success]
01:31:07.638141 [info ]:  Succeeded [  1.86s] model dbt_ayajnik.stg_jaffle_shop__orders (view)
01:31:07.638812 [debug]: Finished analyzing [  1.83s] model dbt_ayajnik.stg_jaffle_shop__orders [success]
01:31:07.639539 [info ]: Started model dbt_ayajnik.dim_customers
01:31:07.639623 [debug]: Started rendering model dbt_ayajnik.dim_customers
01:31:07.665440 [debug]: Finished rendering [  0.03s] model dbt_ayajnik.dim_customers [success]
01:31:07.665474 [info ]: Finished rendering [  1.90s] (3 nodes, 0 skipped, 0 errors)
01:31:07.665380 [debug]: Started analyzing model dbt_ayajnik.dim_customers
01:31:07.856309 [info ]:  Succeeded [  0.21s] model dbt_ayajnik.dim_customers (table)
01:31:07.856375 [debug]: Finished analyzing [  0.19s] model dbt_ayajnik.dim_customers [success]
01:31:07.856389 [info ]: Finished analyzing [  2.05s] (3 nodes, 0 skipped, 0 errors)
01:31:07.906627 [info ]: Cached model count updated: 4 models (accurate)
01:31:11.618010 [info ]: Started scheduling
01:31:11.618369 [info ]: Finished scheduling [  0.00s]
01:31:11.632856 [info ]: Started loading project
01:31:11.670220 [info ]: Started parsing
01:31:11.722253 [info ]: Finished loading project [  0.09s]
01:31:11.784692 [info ]: Finished parsing [  0.11s]
01:31:11.795251 [info ]: Cached model count updated: 4 models (estimate)
01:31:11.795291 [info ]: Cached model count updated: 4 models (accurate)
01:31:11.795342 [info ]: Started scheduling
01:31:11.797298 [info ]: Finished scheduling [  0.00s]
01:31:12.070077 [info ]: Started building task graph
01:31:12.072485 [info ]: Finished building task graph [  0.00s]
01:31:12.099106 [info ]: Started loading project
01:31:12.112432 [info ]: Started parsing
01:31:12.136414 [info ]: Finished loading project [  0.04s]
01:31:12.141861 [info ]: Finished parsing [  0.03s]
01:31:12.143500 [info ]: Cached model count updated: 4 models (estimate)
01:31:12.143521 [info ]: Cached model count updated: 4 models (accurate)
01:31:12.143548 [info ]: Started scheduling
01:31:12.143607 [info ]: Finished scheduling [  0.00s]
01:31:12.404258 [info ]: Started building task graph
01:31:12.404346 [info ]: Finished building task graph [  0.00s]
01:31:12.404500 [info ]: Started rendering (1 nodes)
01:31:12.404817 [info ]: Started model dbt_ayajnik.stg_stripe__payments
01:31:12.404849 [debug]: Started rendering model dbt_ayajnik.stg_stripe__payments
01:31:12.409589 [debug]: Finished rendering [  0.00s] model dbt_ayajnik.stg_stripe__payments [success]
01:31:12.409655 [info ]: Finished rendering [  0.01s] (1 nodes, 0 skipped, 0 errors)
01:31:12.409704 [info ]: Started analyzing (1 nodes)
01:31:12.409719 [debug]: Started analyzing model dbt_ayajnik.stg_stripe__payments
01:31:12.893648 [debug]: Query executed on node model.jaffle_shop.stg_stripe__payments:
describe table "RAW"."STRIPE"."PAYMENT"
01:31:13.305985 [info ]:  Succeeded [  0.90s] model dbt_ayajnik.stg_stripe__payments (view)
01:31:13.306029 [debug]: Finished analyzing [  0.90s] model dbt_ayajnik.stg_stripe__payments [success]
01:31:13.306040 [info ]: Finished analyzing [  0.90s] (1 nodes, 0 skipped, 0 errors)
01:31:13.307441 [debug]: Incremental compilation - 1 nodes selected: {"model.jaffle_shop.stg_stripe__payments"}
01:31:13.321126 [info ]: Cached model count updated: 4 models (accurate)
01:31:24.055399 [info ]: Started loading project
01:31:24.148563 [info ]: Cached model count updated: 4 models (accurate)
01:31:24.148680 [info ]: Finished loading project [  0.09s]
01:31:38.034302 [info ]: Started scheduling
01:31:38.034574 [info ]: Finished scheduling [  0.00s]
01:31:38.325738 [info ]: Started loading project
01:31:38.343254 [info ]: Started loading project
01:31:38.344592 [info ]: Finished loading project [  0.02s]
01:31:38.580957 [info ]: Started parsing
01:31:38.629162 [info ]: Finished loading project [  0.29s]
01:31:38.646888 [info ]: Finished parsing [  0.07s]
01:31:38.647810 [info ]: Cached model count updated: 5 models (estimate)
01:31:38.647831 [info ]: Cached model count updated: 5 models (accurate)
01:31:38.647860 [info ]: Started scheduling
01:31:38.647920 [info ]: Finished scheduling [  0.00s]
01:31:38.843782 [info ]: Started building task graph
01:31:38.843925 [info ]: Finished building task graph [  0.00s]
01:31:38.844094 [info ]: Started rendering (4 nodes)
01:31:38.847533 [info ]: Started model dbt_ayajnik.stg_stripe__payments
01:31:38.847566 [debug]: Started rendering model dbt_ayajnik.stg_stripe__payments
01:31:38.847755 [info ]: Started model dbt_ayajnik.stg_jaffle_shop__orders
01:31:38.847768 [debug]: Started rendering model dbt_ayajnik.stg_jaffle_shop__orders
01:31:38.847789 [info ]: Started model dbt_ayajnik.stg_jaffle_shop__customers
01:31:38.847799 [debug]: Started rendering model dbt_ayajnik.stg_jaffle_shop__customers
01:31:38.852537 [debug]: Finished rendering [  0.00s] model dbt_ayajnik.stg_stripe__payments [success]
01:31:38.852721 [info ]: Started analyzing (4 nodes)
01:31:38.852765 [debug]: Started analyzing model dbt_ayajnik.stg_stripe__payments
01:31:38.854839 [debug]: Started analyzing model dbt_ayajnik.stg_jaffle_shop__orders
01:31:38.854910 [debug]: Finished rendering [  0.01s] model dbt_ayajnik.stg_jaffle_shop__orders [success]
01:31:38.856325 [debug]: Started analyzing model dbt_ayajnik.stg_jaffle_shop__customers
01:31:38.857452 [debug]: Finished rendering [  0.01s] model dbt_ayajnik.stg_jaffle_shop__customers [success]
01:31:39.536998 [debug]: Query executed on node model.jaffle_shop.stg_jaffle_shop__orders:
describe table "RAW"."JAFFLE_SHOP"."ORDERS"
01:31:39.977390 [debug]: Query executed on node model.jaffle_shop.stg_jaffle_shop__customers:
describe table "RAW"."JAFFLE_SHOP"."CUSTOMERS"
01:31:40.043724 [info ]:  Succeeded [  1.20s] model dbt_ayajnik.stg_jaffle_shop__orders (view)
01:31:40.043785 [debug]: Finished analyzing [  1.19s] model dbt_ayajnik.stg_jaffle_shop__orders [success]
01:31:40.276418 [debug]: Query executed on node model.jaffle_shop.stg_stripe__payments:
describe table "RAW"."STRIPE"."PAYMENT"
01:31:40.905759 [info ]:  Succeeded [  2.06s] model dbt_ayajnik.stg_jaffle_shop__customers (view)
01:31:40.905896 [debug]: Finished analyzing [  2.05s] model dbt_ayajnik.stg_jaffle_shop__customers [success]
01:31:40.905945 [info ]: Started model dbt_ayajnik.dim_customers
01:31:40.905973 [debug]: Started rendering model dbt_ayajnik.dim_customers
01:31:40.909878 [debug]: Finished rendering [  0.00s] model dbt_ayajnik.dim_customers [success]
01:31:40.909918 [info ]: Finished rendering [  2.07s] (4 nodes, 0 skipped, 0 errors)
01:31:40.910408 [debug]: Started analyzing model dbt_ayajnik.dim_customers
01:31:40.939368 [info ]:  Succeeded [  0.03s] model dbt_ayajnik.dim_customers (table)
01:31:40.939464 [debug]: Finished analyzing [  0.03s] model dbt_ayajnik.dim_customers [success]
01:31:41.222558 [info ]:  Succeeded [  2.37s] model dbt_ayajnik.stg_stripe__payments (view)
01:31:41.222745 [debug]: Finished analyzing [  2.37s] model dbt_ayajnik.stg_stripe__payments [success]
01:31:41.222779 [info ]: Finished analyzing [  2.37s] (4 nodes, 0 skipped, 0 errors)
01:31:41.240898 [info ]: Cached model count updated: 5 models (accurate)
01:31:50.303782 [info ]: Started scheduling
01:31:50.304021 [info ]: Finished scheduling [  0.00s]
01:31:50.315339 [info ]: Started loading project
01:31:50.340548 [info ]: Started parsing
01:31:50.363172 [info ]: Finished loading project [  0.05s]
01:31:50.408349 [info ]: Finished parsing [  0.07s]
01:31:50.411040 [info ]: Cached model count updated: 5 models (estimate)
01:31:50.411075 [info ]: Cached model count updated: 5 models (accurate)
01:31:50.411143 [info ]: Started scheduling
01:31:50.411247 [info ]: Finished scheduling [  0.00s]
01:31:50.836722 [info ]: Started building task graph
01:31:50.836836 [info ]: Finished building task graph [  0.00s]
01:31:50.878287 [info ]: Started loading project
01:31:50.899652 [info ]: Started parsing
01:31:50.939736 [info ]: Finished loading project [  0.06s]
01:31:50.944398 [info ]: Finished parsing [  0.04s]
01:31:50.946670 [info ]: Cached model count updated: 5 models (estimate)
01:31:50.946695 [info ]: Cached model count updated: 5 models (accurate)
01:31:50.946744 [info ]: Started scheduling
01:31:50.946829 [info ]: Finished scheduling [  0.00s]
01:31:51.231905 [info ]: Started building task graph
01:31:51.231987 [info ]: Finished building task graph [  0.00s]
01:31:51.232126 [info ]: Started rendering (1 nodes)
01:31:51.232147 [info ]: Started model dbt_ayajnik.fact_orders
01:31:51.232177 [debug]: Started rendering model dbt_ayajnik.fact_orders
01:31:51.236742 [debug]: Finished rendering [  0.00s] model dbt_ayajnik.fact_orders [success]
01:31:51.236784 [info ]: Finished rendering [  0.00s] (1 nodes, 0 skipped, 0 errors)
01:31:51.236851 [info ]: Started analyzing (1 nodes)
01:31:51.236882 [debug]: Started analyzing model dbt_ayajnik.fact_orders
01:31:51.354483 [info ]:  Succeeded [  0.12s] model dbt_ayajnik.fact_orders (table)
01:31:51.354558 [debug]: Finished analyzing [  0.12s] model dbt_ayajnik.fact_orders [success]
01:31:51.354575 [info ]: Finished analyzing [  0.12s] (1 nodes, 0 skipped, 0 errors)
01:31:51.354761 [debug]: Incremental compilation - 1 nodes selected: {"model.jaffle_shop.fact_orders"}
01:31:51.359810 [info ]: Cached model count updated: 5 models (accurate)
01:32:06.028483 [info ]: Started loading project
01:32:06.051805 [info ]: Finished loading project [  0.02s]
01:32:06.051807 [info ]: Cached model count updated: 5 models (accurate)
01:32:31.367699 [info ]: Started scheduling
01:32:31.367811 [info ]: Finished scheduling [  0.00s]
01:32:31.664741 [info ]: Started loading project
01:32:31.673671 [info ]: Started loading project
01:32:31.676609 [info ]: Finished loading project [  0.01s]
01:32:31.920798 [info ]: Started parsing
01:32:31.977382 [info ]: Finished loading project [  0.30s]
01:32:31.993815 [info ]: Finished parsing [  0.07s]
01:32:35.944544 [info ]: Started scheduling
01:32:35.944634 [info ]: Finished scheduling [  0.00s]
01:32:35.954933 [info ]: Started loading project
01:32:35.975385 [info ]: Started loading project
01:32:35.977563 [info ]: Finished loading project [  0.02s]
01:32:36.219759 [info ]: Started parsing
01:32:36.304230 [info ]: Finished parsing [  0.08s]
01:32:36.304419 [info ]: Finished loading project [  0.33s]
01:32:36.334224 [info ]: Started loading project
01:32:36.347576 [info ]: Started loading project
01:32:36.348998 [info ]: Finished loading project [  0.01s]
01:32:36.567703 [info ]: Started parsing
01:32:36.613151 [info ]: Finished parsing [  0.05s]
01:32:36.613330 [info ]: Finished loading project [  0.27s]
01:32:36.624414 [info ]: Started loading project
01:32:36.634144 [info ]: Started loading project
01:32:36.635159 [info ]: Finished loading project [  0.01s]
01:32:36.843878 [info ]: Started parsing
01:32:36.930174 [info ]: Finished loading project [  0.30s]
01:32:37.000954 [info ]: Finished parsing [  0.16s]
01:33:13.795745 [info ]: Started scheduling
01:33:13.795851 [info ]: Finished scheduling [  0.00s]
01:33:14.066071 [info ]: Started loading project
01:33:14.088208 [info ]: Started loading project
01:33:14.090197 [info ]: Finished loading project [  0.02s]
01:33:14.378549 [info ]: Started parsing
01:33:14.436610 [info ]: Finished loading project [  0.35s]
01:33:14.455663 [error]: dbt1005: Ref 'fct_orders' not found in project. Searched for 'jaffle_shop.fct_orders, fct_orders'
  --> models\marts\marketing\fct_customers.sql:5:19
01:33:14.457671 [info ]: Cached model count updated: 6 models (estimate)
01:33:14.457690 [info ]: Cached model count updated: 6 models (accurate)
01:33:14.457718 [info ]: Started scheduling
01:33:14.457784 [info ]: Finished scheduling [  0.00s]
01:33:14.690940 [info ]: Started building task graph
01:33:14.691075 [info ]: Finished building task graph [  0.00s]
01:33:14.691229 [info ]: Started rendering (6 nodes)
01:33:14.691251 [info ]: Started model dbt_ayajnik.stg_stripe__payments
01:33:14.691268 [debug]: Started rendering model dbt_ayajnik.stg_stripe__payments
01:33:14.691295 [info ]: Started model dbt_ayajnik.stg_jaffle_shop__orders
01:33:14.691305 [debug]: Started rendering model dbt_ayajnik.stg_jaffle_shop__orders
01:33:14.691315 [info ]: Started model dbt_ayajnik.stg_jaffle_shop__customers
01:33:14.691322 [debug]: Started rendering model dbt_ayajnik.stg_jaffle_shop__customers
01:33:14.691344 [info ]: Finished parsing [  0.31s]
01:33:14.696498 [info ]: Started analyzing (6 nodes)
01:33:14.696502 [debug]: Finished rendering [  0.01s] model dbt_ayajnik.stg_jaffle_shop__customers [success]
01:33:14.696531 [debug]: Started analyzing model dbt_ayajnik.stg_jaffle_shop__customers
01:33:14.697712 [debug]: Finished rendering [  0.01s] model dbt_ayajnik.stg_jaffle_shop__orders [success]
01:33:14.697771 [debug]: Started analyzing model dbt_ayajnik.stg_jaffle_shop__orders
01:33:14.697809 [debug]: Finished rendering [  0.01s] model dbt_ayajnik.stg_stripe__payments [success]
01:33:14.697899 [debug]: Started analyzing model dbt_ayajnik.stg_stripe__payments
01:33:15.254900 [debug]: Query executed on node model.jaffle_shop.stg_jaffle_shop__customers:
describe table "RAW"."JAFFLE_SHOP"."CUSTOMERS"
01:33:15.559873 [debug]: Query executed on node model.jaffle_shop.stg_jaffle_shop__orders:
describe table "RAW"."JAFFLE_SHOP"."ORDERS"
01:33:15.669285 [info ]:  Succeeded [  0.98s] model dbt_ayajnik.stg_jaffle_shop__customers (view)
01:33:15.669362 [debug]: Finished analyzing [  0.97s] model dbt_ayajnik.stg_jaffle_shop__customers [success]
01:33:15.669400 [info ]: Started model dbt_ayajnik.fct_customers
01:33:15.669421 [debug]: Started rendering model dbt_ayajnik.fct_customers
01:33:15.674656 [debug]: Finished rendering [  0.01s] model dbt_ayajnik.fct_customers [error]
01:33:15.675077 [error]: dbt1501: Failed to render SQL not a key type: ref not found for package: jaffle_shop, model: fct_orders, version: None
(in models\marts\marketing\fct_customers.sql:5:19)
  --> models\marts\marketing\fct_customers.sql:5:19
01:33:15.675689 [debug]: Started analyzing model dbt_ayajnik.fct_customers
01:33:15.676982 [info ]:     Failed [  0.01s] model dbt_ayajnik.fct_customers (table)
01:33:15.677051 [debug]: Finished analyzing [  0.00s] model dbt_ayajnik.fct_customers [skipped]
01:33:15.891015 [debug]: Query executed on node model.jaffle_shop.stg_stripe__payments:
describe table "RAW"."STRIPE"."PAYMENT"
01:33:16.295335 [info ]:  Succeeded [  1.60s] model dbt_ayajnik.stg_jaffle_shop__orders (view)
01:33:16.295423 [debug]: Finished analyzing [  1.60s] model dbt_ayajnik.stg_jaffle_shop__orders [success]
01:33:16.295506 [info ]: Started model dbt_ayajnik.dim_customers
01:33:16.295527 [debug]: Started rendering model dbt_ayajnik.dim_customers
01:33:16.301519 [debug]: Started analyzing model dbt_ayajnik.dim_customers
01:33:16.301575 [debug]: Finished rendering [  0.01s] model dbt_ayajnik.dim_customers [success]
01:33:16.321861 [info ]:  Succeeded [  0.03s] model dbt_ayajnik.dim_customers (table)
01:33:16.321916 [debug]: Finished analyzing [  0.02s] model dbt_ayajnik.dim_customers [success]
01:33:16.850596 [info ]:  Succeeded [  2.16s] model dbt_ayajnik.stg_stripe__payments (view)
01:33:16.850696 [debug]: Finished analyzing [  2.15s] model dbt_ayajnik.stg_stripe__payments [success]
01:33:16.850759 [info ]: Started model dbt_ayajnik.fact_orders
01:33:16.850791 [debug]: Started rendering model dbt_ayajnik.fact_orders
01:33:16.859871 [debug]: Started analyzing model dbt_ayajnik.fact_orders
01:33:16.860020 [debug]: Finished rendering [  0.01s] model dbt_ayajnik.fact_orders [success]
01:33:16.860104 [info ]: Finished rendering [  2.17s] (6 nodes, 0 skipped, 1 errors)
01:33:16.965613 [info ]:  Succeeded [  0.11s] model dbt_ayajnik.fact_orders (table)
01:33:16.965672 [debug]: Finished analyzing [  0.11s] model dbt_ayajnik.fact_orders [success]
01:33:16.965686 [info ]: Finished analyzing [  2.27s] (6 nodes, 1 skipped, 0 errors)
01:33:16.975565 [info ]: Cached model count updated: 6 models (accurate)
